app/build/intermediates/manifest_merge_blame_file/debug/processDebugMainManifest/manifest-merger-blame-debug-report.txt
1<?xml version="1.0" encoding="utf-8"?>
2<manifest xmlns:android="http://schemas.android.com/apk/res/android"
3    package="com.example.save"
4    android:versionCode="1"
5    android:versionName="1.0" >
6
7    <uses-sdk
8        android:minSdkVersion="24"
9        android:targetSdkVersion="36" />
10
11    <uses-permission android:name="android.permission.INTERNET" />
11-->src/main/AndroidManifest.xml:5:5-67
11-->src/main/AndroidManifest.xml:5:22-64
12    <uses-permission android:name="android.permission.ACCESS_NETWORK_STATE" />
12-->src/main/AndroidManifest.xml:6:5-79
12-->src/main/AndroidManifest.xml:6:22-76
13    <uses-permission android:name="android.permission.POST_NOTIFICATIONS" />
13-->src/main/AndroidManifest.xml:7:5-76
13-->src/main/AndroidManifest.xml:7:22-74
14    <uses-permission android:name="android.permission.WAKE_LOCK" />
14-->[androidx.work:work-runtime:2.9.1] AndroidManifest.xml:23:5-68
14-->[androidx.work:work-runtime:2.9.1] AndroidManifest.xml:23:22-65
15    <uses-permission android:name="android.permission.RECEIVE_BOOT_COMPLETED" />
15-->[androidx.work:work-runtime:2.9.1] AndroidManifest.xml:25:5-81
15-->[androidx.work:work-runtime:2.9.1] AndroidManifest.xml:25:22-78
16    <uses-permission android:name="android.permission.FOREGROUND_SERVICE" />
16-->[androidx.work:work-runtime:2.9.1] AndroidManifest.xml:26:5-77
16-->[androidx.work:work-runtime:2.9.1] AndroidManifest.xml:26:22-74
17
18    <permission
18-->[androidx.core:core:1.16.0] AndroidManifest.xml:22:5-24:47
19        android:name="com.example.save.DYNAMIC_RECEIVER_NOT_EXPORTED_PERMISSION"
19-->[androidx.core:core:1.16.0] AndroidManifest.xml:23:9-81
20        android:protectionLevel="signature" />
20-->[androidx.core:core:1.16.0] AndroidManifest.xml:24:9-44
21
22    <uses-permission android:name="com.example.save.DYNAMIC_RECEIVER_NOT_EXPORTED_PERMISSION" />
22-->[androidx.core:core:1.16.0] AndroidManifest.xml:26:5-97
22-->[androidx.core:core:1.16.0] AndroidManifest.xml:26:22-94
23
24    <application
24-->src/main/AndroidManifest.xml:8:5-116:19
25        android:allowBackup="false"
25-->src/main/AndroidManifest.xml:9:9-36
26        android:appComponentFactory="androidx.core.app.CoreComponentFactory"
26-->[androidx.core:core:1.16.0] AndroidManifest.xml:28:18-86
27        android:dataExtractionRules="@xml/data_extraction_rules"
27-->src/main/AndroidManifest.xml:10:9-65
28        android:debuggable="true"
29        android:extractNativeLibs="false"
30        android:fullBackupContent="false"
30-->src/main/AndroidManifest.xml:11:9-42
31        android:icon="@drawable/save_logo"
31-->src/main/AndroidManifest.xml:12:9-43
32        android:label="@string/app_name"
32-->src/main/AndroidManifest.xml:13:9-41
33        android:networkSecurityConfig="@xml/network_security_config"
33-->src/main/AndroidManifest.xml:17:9-69
34        android:roundIcon="@drawable/save_logo"
34-->src/main/AndroidManifest.xml:14:9-48
35        android:supportsRtl="true"
35-->src/main/AndroidManifest.xml:15:9-35
36        android:testOnly="true"
37        android:theme="@style/Theme.Save" >
37-->src/main/AndroidManifest.xml:16:9-42
38
39        <!-- Splash Activity as Launcher (shows first) -->
40        <activity
40-->src/main/AndroidManifest.xml:20:9-28:20
41            android:name="com.example.save.ui.activities.SplashActivity"
41-->src/main/AndroidManifest.xml:21:13-73
42            android:exported="true"
42-->src/main/AndroidManifest.xml:22:13-36
43            android:theme="@style/SplashTheme" >
43-->src/main/AndroidManifest.xml:23:13-47
44            <intent-filter>
44-->src/main/AndroidManifest.xml:24:13-27:29
45                <action android:name="android.intent.action.MAIN" />
45-->src/main/AndroidManifest.xml:25:17-69
45-->src/main/AndroidManifest.xml:25:25-66
46
47                <category android:name="android.intent.category.LAUNCHER" />
47-->src/main/AndroidManifest.xml:26:17-77
47-->src/main/AndroidManifest.xml:26:27-74
48            </intent-filter>
49        </activity>
50
51        <!-- Main Activity (shows after splash) -->
52        <activity
52-->src/main/AndroidManifest.xml:31:9-33:40
53            android:name="com.example.save.ui.activities.OnboardingActivity"
53-->src/main/AndroidManifest.xml:32:13-77
54            android:exported="false" />
54-->src/main/AndroidManifest.xml:33:13-37
55        <activity
55-->src/main/AndroidManifest.xml:35:9-37:40
56            android:name="com.example.save.ui.activities.LoginActivity"
56-->src/main/AndroidManifest.xml:36:13-72
57            android:exported="false" />
57-->src/main/AndroidManifest.xml:37:13-37
58        <activity
58-->src/main/AndroidManifest.xml:39:9-42:48
59            android:name="com.example.save.ui.activities.AdminLoginActivity"
59-->src/main/AndroidManifest.xml:40:13-77
60            android:exported="false" />
60-->src/main/AndroidManifest.xml:41:13-37
61        <activity
61-->src/main/AndroidManifest.xml:43:9-45:40
62            android:name="com.example.save.ui.activities.MemberMainActivity"
62-->src/main/AndroidManifest.xml:44:13-77
63            android:exported="false" />
63-->src/main/AndroidManifest.xml:45:13-37
64        <activity
64-->src/main/AndroidManifest.xml:46:9-48:40
65            android:name="com.example.save.ui.activities.MemberRegistrationActivity"
65-->src/main/AndroidManifest.xml:47:13-85
66            android:exported="false" />
66-->src/main/AndroidManifest.xml:48:13-37
67        <activity
67-->src/main/AndroidManifest.xml:49:9-51:40
68            android:name="com.example.save.ui.activities.AdminSignupActivity"
68-->src/main/AndroidManifest.xml:50:13-78
69            android:exported="false" />
69-->src/main/AndroidManifest.xml:51:13-37
70        <activity
70-->src/main/AndroidManifest.xml:53:9-55:40
71            android:name="com.example.save.ui.activities.AdminMainActivity"
71-->src/main/AndroidManifest.xml:54:13-76
72            android:exported="false" />
72-->src/main/AndroidManifest.xml:55:13-37
73        <activity
73-->src/main/AndroidManifest.xml:57:9-59:40
74            android:name="com.example.save.ui.activities.ResetPasswordActivity"
74-->src/main/AndroidManifest.xml:58:13-80
75            android:exported="false" />
75-->src/main/AndroidManifest.xml:59:13-37
76        <activity
76-->src/main/AndroidManifest.xml:61:9-64:93
77            android:name="com.example.save.ui.activities.SettingsActivity"
77-->src/main/AndroidManifest.xml:62:13-75
78            android:exported="false"
78-->src/main/AndroidManifest.xml:63:13-37
79            android:parentActivityName="com.example.save.ui.activities.AdminMainActivity" />
79-->src/main/AndroidManifest.xml:64:13-90
80        <activity
80-->src/main/AndroidManifest.xml:68:9-70:40
81            android:name="com.example.save.ui.activities.ChangePasswordActivity"
81-->src/main/AndroidManifest.xml:69:13-81
82            android:exported="false" />
82-->src/main/AndroidManifest.xml:70:13-37
83        <activity
83-->src/main/AndroidManifest.xml:72:9-75:49
84            android:name="com.example.save.ui.activities.AdminSetupWizardActivity"
84-->src/main/AndroidManifest.xml:73:13-83
85            android:exported="false"
85-->src/main/AndroidManifest.xml:74:13-37
86            android:theme="@style/Theme.Save" />
86-->src/main/AndroidManifest.xml:75:13-46
87        <activity
87-->src/main/AndroidManifest.xml:77:9-79:40
88            android:name="com.example.save.ui.activities.HelpSupportActivity"
88-->src/main/AndroidManifest.xml:78:13-78
89            android:exported="false" />
89-->src/main/AndroidManifest.xml:79:13-37
90        <activity
90-->src/main/AndroidManifest.xml:81:9-83:40
91            android:name="com.example.save.ui.activities.TermsOfServiceActivity"
91-->src/main/AndroidManifest.xml:82:13-81
92            android:exported="false" />
92-->src/main/AndroidManifest.xml:83:13-37
93        <activity
93-->src/main/AndroidManifest.xml:85:9-87:40
94            android:name="com.example.save.ui.activities.PrivacyPolicyActivity"
94-->src/main/AndroidManifest.xml:86:13-80
95            android:exported="false" />
95-->src/main/AndroidManifest.xml:87:13-37
96        <activity
96-->src/main/AndroidManifest.xml:89:9-91:40
97            android:name="com.example.save.ui.activities.ContactAdminActivity"
97-->src/main/AndroidManifest.xml:90:13-79
98            android:exported="false" />
98-->src/main/AndroidManifest.xml:91:13-37
99        <activity
99-->src/main/AndroidManifest.xml:93:9-95:40
100            android:name="com.example.save.ui.activities.ProfileInfoActivity"
100-->src/main/AndroidManifest.xml:94:13-78
101            android:exported="false" />
101-->src/main/AndroidManifest.xml:95:13-37
102        <activity
102-->src/main/AndroidManifest.xml:97:9-99:40
103            android:name="com.example.save.ui.activities.LanguageSelectionActivity"
103-->src/main/AndroidManifest.xml:98:13-84
104            android:exported="false" />
104-->src/main/AndroidManifest.xml:99:13-37
105        <activity
105-->src/main/AndroidManifest.xml:101:9-103:40
106            android:name="com.example.save.ui.activities.PaymentMethodSelectionActivity"
106-->src/main/AndroidManifest.xml:102:13-89
107            android:exported="false" />
107-->src/main/AndroidManifest.xml:103:13-37
108
109        <provider
110            android:name="androidx.core.content.FileProvider"
110-->src/main/AndroidManifest.xml:107:13-62
111            android:authorities="com.example.save.provider"
111-->src/main/AndroidManifest.xml:108:13-60
112            android:exported="false"
112-->src/main/AndroidManifest.xml:109:13-37
113            android:grantUriPermissions="true" >
113-->src/main/AndroidManifest.xml:110:13-47
114            <meta-data
114-->src/main/AndroidManifest.xml:111:13-113:54
115                android:name="android.support.FILE_PROVIDER_PATHS"
115-->src/main/AndroidManifest.xml:112:17-67
116                android:resource="@xml/file_paths" />
116-->src/main/AndroidManifest.xml:113:17-51
117        </provider>
118        <provider
118-->[androidx.work:work-runtime:2.9.1] AndroidManifest.xml:29:9-37:20
119            android:name="androidx.startup.InitializationProvider"
119-->[androidx.work:work-runtime:2.9.1] AndroidManifest.xml:30:13-67
120            android:authorities="com.example.save.androidx-startup"
120-->[androidx.work:work-runtime:2.9.1] AndroidManifest.xml:31:13-68
121            android:exported="false" >
121-->[androidx.work:work-runtime:2.9.1] AndroidManifest.xml:32:13-37
122            <meta-data
122-->[androidx.work:work-runtime:2.9.1] AndroidManifest.xml:34:13-36:52
123                android:name="androidx.work.WorkManagerInitializer"
123-->[androidx.work:work-runtime:2.9.1] AndroidManifest.xml:35:17-68
124                android:value="androidx.startup" />
124-->[androidx.work:work-runtime:2.9.1] AndroidManifest.xml:36:17-49
125            <meta-data
125-->[androidx.emoji2:emoji2:1.3.0] AndroidManifest.xml:29:13-31:52
126                android:name="androidx.emoji2.text.EmojiCompatInitializer"
126-->[androidx.emoji2:emoji2:1.3.0] AndroidManifest.xml:30:17-75
127                android:value="androidx.startup" />
127-->[androidx.emoji2:emoji2:1.3.0] AndroidManifest.xml:31:17-49
128            <meta-data
128-->[androidx.lifecycle:lifecycle-process:2.6.2] AndroidManifest.xml:29:13-31:52
129                android:name="androidx.lifecycle.ProcessLifecycleInitializer"
129-->[androidx.lifecycle:lifecycle-process:2.6.2] AndroidManifest.xml:30:17-78
130                android:value="androidx.startup" />
130-->[androidx.lifecycle:lifecycle-process:2.6.2] AndroidManifest.xml:31:17-49
131            <meta-data
131-->[androidx.profileinstaller:profileinstaller:1.4.0] AndroidManifest.xml:29:13-31:52
132                android:name="androidx.profileinstaller.ProfileInstallerInitializer"
132-->[androidx.profileinstaller:profileinstaller:1.4.0] AndroidManifest.xml:30:17-85
133                android:value="androidx.startup" />
133-->[androidx.profileinstaller:profileinstaller:1.4.0] AndroidManifest.xml:31:17-49
134        </provider>
135
136        <service
136-->[androidx.work:work-runtime:2.9.1] AndroidManifest.xml:39:9-45:35
137            android:name="androidx.work.impl.background.systemalarm.SystemAlarmService"
137-->[androidx.work:work-runtime:2.9.1] AndroidManifest.xml:40:13-88
138            android:directBootAware="false"
138-->[androidx.work:work-runtime:2.9.1] AndroidManifest.xml:41:13-44
139            android:enabled="@bool/enable_system_alarm_service_default"
139-->[androidx.work:work-runtime:2.9.1] AndroidManifest.xml:42:13-72
140            android:exported="false" />
140-->[androidx.work:work-runtime:2.9.1] AndroidManifest.xml:43:13-37
141        <service
141-->[androidx.work:work-runtime:2.9.1] AndroidManifest.xml:46:9-52:35
142            android:name="androidx.work.impl.background.systemjob.SystemJobService"
142-->[androidx.work:work-runtime:2.9.1] AndroidManifest.xml:47:13-84
143            android:directBootAware="false"
143-->[androidx.work:work-runtime:2.9.1] AndroidManifest.xml:48:13-44
144            android:enabled="@bool/enable_system_job_service_default"
144-->[androidx.work:work-runtime:2.9.1] AndroidManifest.xml:49:13-70
145            android:exported="true"
145-->[androidx.work:work-runtime:2.9.1] AndroidManifest.xml:50:13-36
146            android:permission="android.permission.BIND_JOB_SERVICE" />
146-->[androidx.work:work-runtime:2.9.1] AndroidManifest.xml:51:13-69
147        <service
147-->[androidx.work:work-runtime:2.9.1] AndroidManifest.xml:53:9-59:35
148            android:name="androidx.work.impl.foreground.SystemForegroundService"
148-->[androidx.work:work-runtime:2.9.1] AndroidManifest.xml:54:13-81
149            android:directBootAware="false"
149-->[androidx.work:work-runtime:2.9.1] AndroidManifest.xml:55:13-44
150            android:enabled="@bool/enable_system_foreground_service_default"
150-->[androidx.work:work-runtime:2.9.1] AndroidManifest.xml:56:13-77
151            android:exported="false" />
151-->[androidx.work:work-runtime:2.9.1] AndroidManifest.xml:57:13-37
152
153        <receiver
153-->[androidx.work:work-runtime:2.9.1] AndroidManifest.xml:61:9-66:35
154            android:name="androidx.work.impl.utils.ForceStopRunnable$BroadcastReceiver"
154-->[androidx.work:work-runtime:2.9.1] AndroidManifest.xml:62:13-88
155            android:directBootAware="false"
155-->[androidx.work:work-runtime:2.9.1] AndroidManifest.xml:63:13-44
156            android:enabled="true"
156-->[androidx.work:work-runtime:2.9.1] AndroidManifest.xml:64:13-35
157            android:exported="false" />
157-->[androidx.work:work-runtime:2.9.1] AndroidManifest.xml:65:13-37
158        <receiver
158-->[androidx.work:work-runtime:2.9.1] AndroidManifest.xml:67:9-77:20
159            android:name="androidx.work.impl.background.systemalarm.ConstraintProxy$BatteryChargingProxy"
159-->[androidx.work:work-runtime:2.9.1] AndroidManifest.xml:68:13-106
160            android:directBootAware="false"
160-->[androidx.work:work-runtime:2.9.1] AndroidManifest.xml:69:13-44
161            android:enabled="false"
161-->[androidx.work:work-runtime:2.9.1] AndroidManifest.xml:70:13-36
162            android:exported="false" >
162-->[androidx.work:work-runtime:2.9.1] AndroidManifest.xml:71:13-37
163            <intent-filter>
163-->[androidx.work:work-runtime:2.9.1] AndroidManifest.xml:73:13-76:29
164                <action android:name="android.intent.action.ACTION_POWER_CONNECTED" />
164-->[androidx.work:work-runtime:2.9.1] AndroidManifest.xml:74:17-87
164-->[androidx.work:work-runtime:2.9.1] AndroidManifest.xml:74:25-84
165                <action android:name="android.intent.action.ACTION_POWER_DISCONNECTED" />
165-->[androidx.work:work-runtime:2.9.1] AndroidManifest.xml:75:17-90
165-->[androidx.work:work-runtime:2.9.1] AndroidManifest.xml:75:25-87
166            </intent-filter>
167        </receiver>
168        <receiver
168-->[androidx.work:work-runtime:2.9.1] AndroidManifest.xml:78:9-88:20
169            android:name="androidx.work.impl.background.systemalarm.ConstraintProxy$BatteryNotLowProxy"
169-->[androidx.work:work-runtime:2.9.1] AndroidManifest.xml:79:13-104
170            android:directBootAware="false"
170-->[androidx.work:work-runtime:2.9.1] AndroidManifest.xml:80:13-44
171            android:enabled="false"
171-->[androidx.work:work-runtime:2.9.1] AndroidManifest.xml:81:13-36
172            android:exported="false" >
172-->[androidx.work:work-runtime:2.9.1] AndroidManifest.xml:82:13-37
173            <intent-filter>
173-->[androidx.work:work-runtime:2.9.1] AndroidManifest.xml:84:13-87:29
174                <action android:name="android.intent.action.BATTERY_OKAY" />
174-->[androidx.work:work-runtime:2.9.1] AndroidManifest.xml:85:17-77
174-->[androidx.work:work-runtime:2.9.1] AndroidManifest.xml:85:25-74
175                <action android:name="android.intent.action.BATTERY_LOW" />
175-->[androidx.work:work-runtime:2.9.1] AndroidManifest.xml:86:17-76
175-->[androidx.work:work-runtime:2.9.1] AndroidManifest.xml:86:25-73
176            </intent-filter>
177        </receiver>
178        <receiver
178-->[androidx.work:work-runtime:2.9.1] AndroidManifest.xml:89:9-99:20
179            android:name="androidx.work.impl.background.systemalarm.ConstraintProxy$StorageNotLowProxy"
179-->[androidx.work:work-runtime:2.9.1] AndroidManifest.xml:90:13-104
180            android:directBootAware="false"
180-->[androidx.work:work-runtime:2.9.1] AndroidManifest.xml:91:13-44
181            android:enabled="false"
181-->[androidx.work:work-runtime:2.9.1] AndroidManifest.xml:92:13-36
182            android:exported="false" >
182-->[androidx.work:work-runtime:2.9.1] AndroidManifest.xml:93:13-37
183            <intent-filter>
183-->[androidx.work:work-runtime:2.9.1] AndroidManifest.xml:95:13-98:29
184                <action android:name="android.intent.action.DEVICE_STORAGE_LOW" />
184-->[androidx.work:work-runtime:2.9.1] AndroidManifest.xml:96:17-83
184-->[androidx.work:work-runtime:2.9.1] AndroidManifest.xml:96:25-80
185                <action android:name="android.intent.action.DEVICE_STORAGE_OK" />
185-->[androidx.work:work-runtime:2.9.1] AndroidManifest.xml:97:17-82
185-->[androidx.work:work-runtime:2.9.1] AndroidManifest.xml:97:25-79
186            </intent-filter>
187        </receiver>
188        <receiver
188-->[androidx.work:work-runtime:2.9.1] AndroidManifest.xml:100:9-109:20
189            android:name="androidx.work.impl.background.systemalarm.ConstraintProxy$NetworkStateProxy"
189-->[androidx.work:work-runtime:2.9.1] AndroidManifest.xml:101:13-103
190            android:directBootAware="false"
190-->[androidx.work:work-runtime:2.9.1] AndroidManifest.xml:102:13-44
191            android:enabled="false"
191-->[androidx.work:work-runtime:2.9.1] AndroidManifest.xml:103:13-36
192            android:exported="false" >
192-->[androidx.work:work-runtime:2.9.1] AndroidManifest.xml:104:13-37
193            <intent-filter>
193-->[androidx.work:work-runtime:2.9.1] AndroidManifest.xml:106:13-108:29
194                <action android:name="android.net.conn.CONNECTIVITY_CHANGE" />
194-->[androidx.work:work-runtime:2.9.1] AndroidManifest.xml:107:17-79
194-->[androidx.work:work-runtime:2.9.1] AndroidManifest.xml:107:25-76
195            </intent-filter>
196        </receiver>
197        <receiver
197-->[androidx.work:work-runtime:2.9.1] AndroidManifest.xml:110:9-121:20
198            android:name="androidx.work.impl.background.systemalarm.RescheduleReceiver"
198-->[androidx.work:work-runtime:2.9.1] AndroidManifest.xml:111:13-88
199            android:directBootAware="false"
199-->[androidx.work:work-runtime:2.9.1] AndroidManifest.xml:112:13-44
200            android:enabled="false"
200-->[androidx.work:work-runtime:2.9.1] AndroidManifest.xml:113:13-36
201            android:exported="false" >
201-->[androidx.work:work-runtime:2.9.1] AndroidManifest.xml:114:13-37
202            <intent-filter>
202-->[androidx.work:work-runtime:2.9.1] AndroidManifest.xml:116:13-120:29
203                <action android:name="android.intent.action.BOOT_COMPLETED" />
203-->[androidx.work:work-runtime:2.9.1] AndroidManifest.xml:117:17-79
203-->[androidx.work:work-runtime:2.9.1] AndroidManifest.xml:117:25-76
204                <action android:name="android.intent.action.TIME_SET" />
204-->[androidx.work:work-runtime:2.9.1] AndroidManifest.xml:118:17-73
204-->[androidx.work:work-runtime:2.9.1] AndroidManifest.xml:118:25-70
205                <action android:name="android.intent.action.TIMEZONE_CHANGED" />
205-->[androidx.work:work-runtime:2.9.1] AndroidManifest.xml:119:17-81
205-->[androidx.work:work-runtime:2.9.1] AndroidManifest.xml:119:25-78
206            </intent-filter>
207        </receiver>
208        <receiver
208-->[androidx.work:work-runtime:2.9.1] AndroidManifest.xml:122:9-131:20
209            android:name="androidx.work.impl.background.systemalarm.ConstraintProxyUpdateReceiver"
209-->[androidx.work:work-runtime:2.9.1] AndroidManifest.xml:123:13-99
210            android:directBootAware="false"
210-->[androidx.work:work-runtime:2.9.1] AndroidManifest.xml:124:13-44
211            android:enabled="@bool/enable_system_alarm_service_default"
211-->[androidx.work:work-runtime:2.9.1] AndroidManifest.xml:125:13-72
212            android:exported="false" >
212-->[androidx.work:work-runtime:2.9.1] AndroidManifest.xml:126:13-37
213            <intent-filter>
213-->[androidx.work:work-runtime:2.9.1] AndroidManifest.xml:128:13-130:29
214                <action android:name="androidx.work.impl.background.systemalarm.UpdateProxies" />
214-->[androidx.work:work-runtime:2.9.1] AndroidManifest.xml:129:17-98
214-->[androidx.work:work-runtime:2.9.1] AndroidManifest.xml:129:25-95
215            </intent-filter>
216        </receiver>
217        <receiver
217-->[androidx.work:work-runtime:2.9.1] AndroidManifest.xml:132:9-142:20
218            android:name="androidx.work.impl.diagnostics.DiagnosticsReceiver"
218-->[androidx.work:work-runtime:2.9.1] AndroidManifest.xml:133:13-78
219            android:directBootAware="false"
219-->[androidx.work:work-runtime:2.9.1] AndroidManifest.xml:134:13-44
220            android:enabled="true"
220-->[androidx.work:work-runtime:2.9.1] AndroidManifest.xml:135:13-35
221            android:exported="true"
221-->[androidx.work:work-runtime:2.9.1] AndroidManifest.xml:136:13-36
222            android:permission="android.permission.DUMP" >
222-->[androidx.work:work-runtime:2.9.1] AndroidManifest.xml:137:13-57
223            <intent-filter>
223-->[androidx.work:work-runtime:2.9.1] AndroidManifest.xml:139:13-141:29
224                <action android:name="androidx.work.diagnostics.REQUEST_DIAGNOSTICS" />
224-->[androidx.work:work-runtime:2.9.1] AndroidManifest.xml:140:17-88
224-->[androidx.work:work-runtime:2.9.1] AndroidManifest.xml:140:25-85
225            </intent-filter>
226        </receiver>
227
228        <service
228-->[androidx.room:room-runtime:2.6.1] AndroidManifest.xml:24:9-28:63
229            android:name="androidx.room.MultiInstanceInvalidationService"
229-->[androidx.room:room-runtime:2.6.1] AndroidManifest.xml:25:13-74
230            android:directBootAware="true"
230-->[androidx.room:room-runtime:2.6.1] AndroidManifest.xml:26:13-43
231            android:exported="false" />
231-->[androidx.room:room-runtime:2.6.1] AndroidManifest.xml:27:13-37
232
233        <receiver
233-->[androidx.profileinstaller:profileinstaller:1.4.0] AndroidManifest.xml:34:9-52:20
234            android:name="androidx.profileinstaller.ProfileInstallReceiver"
234-->[androidx.profileinstaller:profileinstaller:1.4.0] AndroidManifest.xml:35:13-76
235            android:directBootAware="false"
235-->[androidx.profileinstaller:profileinstaller:1.4.0] AndroidManifest.xml:36:13-44
236            android:enabled="true"
236-->[androidx.profileinstaller:profileinstaller:1.4.0] AndroidManifest.xml:37:13-35
237            android:exported="true"
237-->[androidx.profileinstaller:profileinstaller:1.4.0] AndroidManifest.xml:38:13-36
238            android:permission="android.permission.DUMP" >
238-->[androidx.profileinstaller:profileinstaller:1.4.0] AndroidManifest.xml:39:13-57
239            <intent-filter>
239-->[androidx.profileinstaller:profileinstaller:1.4.0] AndroidManifest.xml:40:13-42:29
240                <action android:name="androidx.profileinstaller.action.INSTALL_PROFILE" />
240-->[androidx.profileinstaller:profileinstaller:1.4.0] AndroidManifest.xml:41:17-91
240-->[androidx.profileinstaller:profileinstaller:1.4.0] AndroidManifest.xml:41:25-88
241            </intent-filter>
242            <intent-filter>
242-->[androidx.profileinstaller:profileinstaller:1.4.0] AndroidManifest.xml:43:13-45:29
243                <action android:name="androidx.profileinstaller.action.SKIP_FILE" />
243-->[androidx.profileinstaller:profileinstaller:1.4.0] AndroidManifest.xml:44:17-85
243-->[androidx.profileinstaller:profileinstaller:1.4.0] AndroidManifest.xml:44:25-82
244            </intent-filter>
245            <intent-filter>
245-->[androidx.profileinstaller:profileinstaller:1.4.0] AndroidManifest.xml:46:13-48:29
246                <action android:name="androidx.profileinstaller.action.SAVE_PROFILE" />
246-->[androidx.profileinstaller:profileinstaller:1.4.0] AndroidManifest.xml:47:17-88
246-->[androidx.profileinstaller:profileinstaller:1.4.0] AndroidManifest.xml:47:25-85
247            </intent-filter>
248            <intent-filter>
248-->[androidx.profileinstaller:profileinstaller:1.4.0] AndroidManifest.xml:49:13-51:29
249                <action android:name="androidx.profileinstaller.action.BENCHMARK_OPERATION" />
249-->[androidx.profileinstaller:profileinstaller:1.4.0] AndroidManifest.xml:50:17-95
249-->[androidx.profileinstaller:profileinstaller:1.4.0] AndroidManifest.xml:50:25-92
250            </intent-filter>
251        </receiver>
252    </application>
253
254</manifest>